Started by user baqir
Running in Durability level: MAX_SURVIVABILITY
[Pipeline] Start of Pipeline
[Pipeline] node
Running on Jenkins in /Users/Shared/Jenkins/Home/workspace/eslint pipeline
[Pipeline] {
[Pipeline] stage
[Pipeline] { (Declarative: Tool Install)
[Pipeline] tool
[Pipeline] envVarsForTool
[Pipeline] }
[Pipeline] // stage
[Pipeline] withEnv
[Pipeline] {
[Pipeline] stage
[Pipeline] { (Cloning Repo)
[Pipeline] tool
[Pipeline] envVarsForTool
[Pipeline] withEnv
[Pipeline] {
[Pipeline] git
No credentials specified
 > git rev-parse --is-inside-work-tree # timeout=10
Fetching changes from the remote Git repository
 > git config remote.origin.url https://github.com/baqirvd/testeslint # timeout=10
Fetching upstream changes from https://github.com/baqirvd/testeslint
 > git --version # timeout=10
 > git fetch --tags --force --progress -- https://github.com/baqirvd/testeslint +refs/heads/*:refs/remotes/origin/*
 > git rev-parse refs/remotes/origin/master^{commit} # timeout=10
 > git rev-parse refs/remotes/origin/origin/master^{commit} # timeout=10
Checking out Revision ec49b00231c50d5765aa134baa3243eac16922f7 (refs/remotes/origin/master)
 > git config core.sparsecheckout # timeout=10
 > git checkout -f ec49b00231c50d5765aa134baa3243eac16922f7
 > git branch -a -v --no-abbrev # timeout=10
 > git branch -D master # timeout=10
 > git checkout -b master ec49b00231c50d5765aa134baa3243eac16922f7
Commit message: "Removing errors"
 > git rev-list --no-walk ec49b00231c50d5765aa134baa3243eac16922f7 # timeout=10
[Pipeline] }
[Pipeline] // withEnv
[Pipeline] }
[Pipeline] // stage
[Pipeline] stage
[Pipeline] { (Run NPM)
[Pipeline] tool
[Pipeline] envVarsForTool
[Pipeline] withEnv
[Pipeline] {
[Pipeline] script
[Pipeline] {
[Pipeline] sh
+ npm install
npm WARN eslint-config-airbnb@18.0.1 requires a peer of eslint-plugin-jsx-a11y@^6.2.3 but none is installed. You must install peer dependencies yourself.
npm WARN eslint-config-airbnb@18.0.1 requires a peer of eslint-plugin-react-hooks@^1.7.0 but none is installed. You must install peer dependencies yourself.
npm WARN testeslint@1.0.0 No description
npm WARN testeslint@1.0.0 No repository field.

audited 596 packages in 2.713s
found 0 vulnerabilities

[Pipeline] sh
+ npm run lint

> testeslint@1.0.0 lint /Users/Shared/Jenkins/Home/workspace/eslint pipeline
> eslint ./src/index.js


/Users/Shared/Jenkins/Home/workspace/eslint pipeline/src/index.js
  3:1  error  Unexpected console statement  no-console

âœ– 1 problem (1 error, 0 warnings)

npm ERR! code ELIFECYCLE
npm ERR! errno 1
npm ERR! testeslint@1.0.0 lint: `eslint ./src/index.js`
npm ERR! Exit status 1
npm ERR! 
npm ERR! Failed at the testeslint@1.0.0 lint script.
npm ERR! This is probably not a problem with npm. There is likely additional logging output above.

npm ERR! A complete log of this run can be found in:
npm ERR!     /Users/Shared/Jenkins/.npm/_logs/2019-09-20T06_36_46_847Z-debug.log
[Pipeline] }
[Pipeline] // script
[Pipeline] }
[Pipeline] // withEnv
[Pipeline] }
[Pipeline] // stage
[Pipeline] stage
[Pipeline] { (Declarative: Post Actions)
[Pipeline] echo
This will always run
[Pipeline] emailext
Sending email to: baqir@venturedive.com
